2012-12-31 14:46:58,605 INFO Tweet with #Pay identified
2012-12-31 14:48:02,875 INFO Tweet with #Pay identified
2012-12-31 14:48:40,703 INFO Tweet with #Pay identified
2012-12-31 14:50:51,062 INFO Tweet with #Pay identified
2012-12-31 14:50:51,476 INFO initiating pending transaction
2012-12-31 14:50:51,832 INFO pushing new pending transaction to tbl_transaction
2012-12-31 14:50:52,348 INFO payment is pending
2012-12-31 14:51:40,576 INFO Tweet with #Pay identified
2012-12-31 14:51:41,043 INFO initiating pending transaction
2012-12-31 14:51:41,403 INFO pushing new pending transaction to tbl_transaction
2012-12-31 14:51:41,914 INFO payment is pending
2012-12-31 14:55:32,275 INFO Tweet with #Pay identified
2012-12-31 14:55:32,684 INFO initiating pending transaction
2012-12-31 14:55:33,743 INFO pushing new pending transaction to tbl_transaction
2012-12-31 14:55:34,835 INFO payment is pending
2012-12-31 14:56:24,059 INFO Tweet with #accept request detected
2012-12-31 14:56:25,003 INFO Transaction undergoing processing
2012-12-31 14:56:25,005 INFO User is sending 0.88
2012-12-31 14:56:25,005 INFO Mozi is charging 1.21
2012-12-31 14:56:27,283 INFO Balanced Payments accepted transactions
2012-12-31 14:56:28,348 INFO Payment accepted into Balanced Payment account for Mozi
2012-12-31 14:59:11,346 INFO Tweet with #Pay identified
2012-12-31 14:59:11,782 WARNING ERROR: User attempted to send to user not on Twitter.
2012-12-31 14:59:11,782 WARNING @irunthisblock2, that user does not exist on Twitter. Try fixing the recipient name!
2012-12-31 15:07:04,584 INFO Tweet with #Pay identified
2012-12-31 15:07:05,013 WARNING ERROR: User attempted to send to user not on Twitter.
2012-12-31 15:07:05,013 WARNING @irunthisblock2, that user does not exist on Twitter. Try fixing the recipient name! Dec 31 15:07:04
2013-01-03 00:07:37,914 INFO Tweet with #Pay identified
2013-01-03 00:07:52,411 INFO initiating pending transaction
2013-01-03 00:08:08,927 INFO pushing new pending transaction to tbl_transaction
2013-01-03 08:46:15,335 INFO Tweet with #Pay identified
2013-01-03 08:46:15,474 INFO initiating pending transaction
2013-01-03 08:46:15,615 INFO pushing new pending transaction to tbl_transaction
2013-01-03 08:46:15,927 INFO payment is pending
2013-01-03 08:46:49,201 INFO Tweet with #accept request detected
2013-01-03 08:46:49,483 INFO Transaction undergoing processing
2013-01-03 08:46:49,483 INFO User is sending 54.11
2013-01-03 08:46:49,483 INFO Mozi is charging 55.98
2013-01-03 08:46:53,086 INFO Balanced Payments accepted transactions
2013-01-03 08:49:00,592 INFO Tweet with #Pay identified
2013-01-03 08:49:00,717 INFO initiating pending transaction
2013-01-03 08:49:00,825 INFO pushing new pending transaction to tbl_transaction
2013-01-03 08:49:01,002 INFO payment is pending
2013-01-03 08:49:26,249 INFO Tweet with #accept request detected
2013-01-03 08:49:26,559 INFO Transaction undergoing processing
2013-01-03 08:49:26,559 INFO User is sending 78.99
2013-01-03 08:49:26,559 INFO Mozi is charging 81.59
2013-01-03 08:49:28,931 INFO Balanced Payments accepted transactions
2013-01-03 08:51:07,029 INFO Tweet with #Pay identified
2013-01-03 08:51:07,168 INFO initiating pending transaction
2013-01-03 08:51:07,278 INFO pushing new pending transaction to tbl_transaction
2013-01-03 08:51:07,575 INFO payment is pending
2013-01-03 08:51:42,033 INFO Tweet with #accept request detected
2013-01-03 08:51:42,480 INFO Transaction undergoing processing
2013-01-03 08:51:42,480 INFO User is sending 11.13
2013-01-03 08:51:42,480 INFO Mozi is charging 11.76
2013-01-03 08:51:44,355 INFO Balanced Payments accepted transactions
2013-01-03 08:53:06,644 INFO Tweet with #Pay identified
2013-01-03 08:53:06,770 INFO initiating pending transaction
2013-01-03 08:53:06,891 INFO pushing new pending transaction to tbl_transaction
2013-01-03 08:53:07,095 INFO payment is pending
2013-01-03 08:53:41,408 INFO Tweet with #accept request detected
2013-01-03 08:53:41,704 INFO Transaction undergoing processing
2013-01-03 08:53:41,704 INFO User is sending 23.35
2013-01-03 08:53:41,704 INFO Mozi is charging 24.33
2013-01-03 08:53:43,904 INFO Balanced Payments accepted transactions
2013-01-03 08:54:39,306 INFO Tweet with #Pay identified
2013-01-03 08:54:39,493 INFO initiating pending transaction
2013-01-03 08:54:39,621 INFO pushing new pending transaction to tbl_transaction
2013-01-03 08:54:39,898 INFO payment is pending
2013-01-03 08:55:17,355 INFO Tweet with #accept request detected
2013-01-03 08:55:17,703 INFO Transaction undergoing processing
2013-01-03 08:55:17,703 INFO User is sending 44.34
2013-01-03 08:55:17,703 INFO Mozi is charging 45.93
2013-01-03 08:55:19,845 INFO Balanced Payments accepted transactions
2013-01-03 08:56:14,161 INFO Tweet with #Pay identified
2013-01-03 08:56:14,286 INFO initiating pending transaction
2013-01-03 08:56:14,394 INFO pushing new pending transaction to tbl_transaction
2013-01-03 08:56:14,558 INFO payment is pending
2013-01-03 08:56:37,463 INFO Tweet with #accept request detected
2013-01-03 08:56:37,796 INFO Transaction undergoing processing
2013-01-03 08:56:37,796 INFO User is sending 78.49
2013-01-03 08:56:37,796 INFO Mozi is charging 81.07
2013-01-03 08:56:39,805 INFO Balanced Payments accepted transactions
2013-01-03 08:57:18,403 INFO Tweet with #Pay identified
2013-01-03 08:57:18,532 INFO initiating pending transaction
2013-01-03 08:57:18,653 INFO pushing new pending transaction to tbl_transaction
2013-01-03 08:57:18,836 INFO payment is pending
2013-01-03 08:57:42,269 INFO Tweet with #accept request detected
2013-01-03 08:57:42,569 INFO Transaction undergoing processing
2013-01-03 08:57:42,569 INFO User is sending 400.0
2013-01-03 08:57:42,569 INFO Mozi is charging 411.9
2013-01-03 08:57:44,509 INFO Balanced Payments accepted transactions
2013-01-03 08:57:44,924 INFO Balances Updated on Mozi Database
2013-01-03 08:57:45,558 INFO Payment accepted into Balanced Payment account for Mozi
2013-01-03 09:00:52,052 INFO Tweet with #Pay identified
2013-01-03 09:00:52,253 INFO initiating pending transaction
2013-01-03 09:00:52,361 INFO pushing new pending transaction to tbl_transaction
2013-01-03 09:00:52,582 INFO payment is pending
2013-01-03 09:01:18,269 INFO Tweet with #accept request detected
2013-01-03 09:01:18,627 INFO Transaction undergoing processing
2013-01-03 09:01:18,627 INFO User is sending 34.23
2013-01-03 09:01:18,627 INFO Mozi is charging 35.53
2013-01-03 09:01:20,502 INFO Balanced Payments accepted transactions
2013-01-03 09:01:20,905 INFO Balances Updated on Mozi Database
2013-01-03 09:01:21,423 INFO Payment accepted into Balanced Payment account for Mozi
2013-01-03 09:03:31,489 INFO Tweet with #Pay identified
2013-01-03 09:03:31,641 INFO initiating pending transaction
2013-01-03 09:03:31,760 INFO pushing new pending transaction to tbl_transaction
2013-01-03 09:03:31,940 INFO payment is pending
2013-01-03 09:04:10,263 INFO Tweet with #accept request detected
2013-01-03 09:04:10,578 INFO Transaction undergoing processing
2013-01-03 09:04:10,578 INFO User is sending 78.23
2013-01-03 09:04:10,578 INFO Mozi is charging 80.8
2013-01-03 09:04:12,634 INFO Balanced Payments accepted transactions
2013-01-03 09:04:13,262 INFO Balances Updated on Mozi Database
2013-01-03 09:04:13,734 INFO Payment accepted into Balanced Payment account for Mozi
