2012/12/27 22:09:24 [error] [exception.CException] exception 'CException' with message 'AccountController cannot find the requested view "index".' in /Users/mnouh/Sites/mozi/framework/web/CController.php:879
Stack trace:
#0 /Users/mnouh/Sites/mozi/framework/web/CController.php(783): CController->renderPartial('index', NULL, true)
#1 /Users/mnouh/Sites/mozi/protected/controllers/AccountController.php(32): CController->render('index')
#2 /Users/mnouh/Sites/mozi/framework/web/actions/CInlineAction.php(50): AccountController->actionIndex()
#3 /Users/mnouh/Sites/mozi/framework/web/CController.php(309): CInlineAction->runWithParams(Array)
#4 /Users/mnouh/Sites/mozi/framework/web/CController.php(287): CController->runAction(Object(CInlineAction))
#5 /Users/mnouh/Sites/mozi/framework/web/CController.php(266): CController->runActionWithFilters(Object(CInlineAction), Array)
#6 /Users/mnouh/Sites/mozi/framework/web/CWebApplication.php(283): CController->run('')
#7 /Users/mnouh/Sites/mozi/framework/web/CWebApplication.php(142): CWebApplication->runController('')
#8 /Users/mnouh/Sites/mozi/framework/base/CApplication.php(162): CWebApplication->processRequest()
#9 /Users/mnouh/Sites/mozi/index.php(13): CApplication->run()
#10 {main}
REQUEST_URI=/~mnouh/mozi/index.php
HTTP_REFERER=http://localhost/~mnouh/mozi/index.php
---
2012/12/27 22:09:25 [error] [exception.CException] exception 'CException' with message 'AccountController cannot find the requested view "index".' in /Users/mnouh/Sites/mozi/framework/web/CController.php:879
Stack trace:
#0 /Users/mnouh/Sites/mozi/framework/web/CController.php(783): CController->renderPartial('index', NULL, true)
#1 /Users/mnouh/Sites/mozi/protected/controllers/AccountController.php(32): CController->render('index')
#2 /Users/mnouh/Sites/mozi/framework/web/actions/CInlineAction.php(50): AccountController->actionIndex()
#3 /Users/mnouh/Sites/mozi/framework/web/CController.php(309): CInlineAction->runWithParams(Array)
#4 /Users/mnouh/Sites/mozi/framework/web/CController.php(287): CController->runAction(Object(CInlineAction))
#5 /Users/mnouh/Sites/mozi/framework/web/CController.php(266): CController->runActionWithFilters(Object(CInlineAction), Array)
#6 /Users/mnouh/Sites/mozi/framework/web/CWebApplication.php(283): CController->run('')
#7 /Users/mnouh/Sites/mozi/framework/web/CWebApplication.php(142): CWebApplication->runController('')
#8 /Users/mnouh/Sites/mozi/framework/base/CApplication.php(162): CWebApplication->processRequest()
#9 /Users/mnouh/Sites/mozi/index.php(13): CApplication->run()
#10 {main}
REQUEST_URI=/~mnouh/mozi/index.php
HTTP_REFERER=http://localhost/~mnouh/mozi/index.php
---
2012/12/27 22:09:53 [error] [exception.CHttpException.404] exception 'CHttpException' with message 'Unable to resolve the request "site/login".' in /Users/mnouh/Sites/mozi/framework/web/CWebApplication.php:287
Stack trace:
#0 /Users/mnouh/Sites/mozi/framework/web/CWebApplication.php(142): CWebApplication->runController('site/login')
#1 /Users/mnouh/Sites/mozi/framework/base/CApplication.php(162): CWebApplication->processRequest()
#2 /Users/mnouh/Sites/mozi/index.php(13): CApplication->run()
#3 {main}
REQUEST_URI=/~mnouh/mozi/index.php?r=site/login
HTTP_REFERER=http://localhost/~mnouh/mozi/index.php
---
